Using pre-set license
Built from '2020.3/staging' branch; Version is '2020.3.8f1 (507919d4fff5) revision 5273881'; Using compiler version '192528614'; Build Type 'Release'
OS: 'Windows 10 Pro; OS build 19042.1165; Version 2009; 64bit' Language: 'en' Physical Memory: 32682 MB
BatchMode: 1, IsHumanControllingUs: 0, StartBugReporterOnCrash: 0, Is64bit: 1, IsPro: 0

 COMMAND LINE ARGUMENTS:
C:\Program Files\Unity\2020.3.8f1\Editor\Unity.exe
-adb2
-batchMode
-noUpm
-name
AssetImportWorker0
-projectPath
E:/Catch Backup/Unity Projects/Bullet System - States
-logFile
Logs/AssetImportWorker0.log
-srvPort
1053
Successfully changed project path to: E:/Catch Backup/Unity Projects/Bullet System - States
E:/Catch Backup/Unity Projects/Bullet System - States
Using Asset Import Pipeline V2.
Refreshing native plugins compatible for Editor in 36.13 ms, found 1 plugins.
Preloading 0 native plugins for Editor in 0.00 ms.
Initialize engine version: 2020.3.8f1 (507919d4fff5)
[Subsystems] Discovering subsystems at path C:/Program Files/Unity/2020.3.8f1/Editor/Data/Resources/UnitySubsystems
[Subsystems] Discovering subsystems at path E:/Catch Backup/Unity Projects/Bullet System - States/Assets
GfxDevice: creating device client; threaded=0
Direct3D:
    Version:  Direct3D 11.0 [level 11.1]
    Renderer: NVIDIA GeForce RTX 2080 (ID=0x1e82)
    Vendor:   
    VRAM:     8010 MB
    Driver:   30.0.14.7168
Initialize mono
Mono path[0] = 'C:/Program Files/Unity/2020.3.8f1/Editor/Data/Managed'
Mono path[1] = 'C:/Program Files/Unity/2020.3.8f1/Editor/Data/MonoBleedingEdge/lib/mono/unityjit'
Mono config path = 'C:/Program Files/Unity/2020.3.8f1/Editor/Data/MonoBleedingEdge/etc'
Using monoOptions --debugger-agent=transport=dt_socket,embedding=1,server=y,suspend=n,address=127.0.0.1:56216
Begin MonoManager ReloadAssembly
Registering precompiled unity dll's ...
Register platform support module: C:/Program Files/Unity/2020.3.8f1/Editor/Data/PlaybackEngines/WindowsStandaloneSupport/UnityEditor.WindowsStandalone.Extensions.dll
Registered in 0.003004 seconds.
Native extension for WindowsStandalone target not found
Refreshing native plugins compatible for Editor in 37.72 ms, found 1 plugins.
Preloading 0 native plugins for Editor in 0.00 ms.
Mono: successfully reloaded assembly
- Completed reload, in  2.138 seconds
Platform modules already initialized, skipping
Registering precompiled user dll's ...
Registered in 0.000861 seconds.
Begin MonoManager ReloadAssembly
Native extension for WindowsStandalone target not found
Refreshing native plugins compatible for Editor in 34.92 ms, found 1 plugins.
Preloading 0 native plugins for Editor in 0.00 ms.
Mono: successfully reloaded assembly
- Completed reload, in  0.945 seconds
Platform modules already initialized, skipping
========================================================================
Worker process is ready to serve import requests
Launched and connected shader compiler UnityShaderCompiler.exe after 0.11 seconds
Refreshing native plugins compatible for Editor in 0.62 ms, found 1 plugins.
Preloading 0 native plugins for Editor in 0.00 ms.
Unloading 1855 Unused Serialized files (Serialized files now loaded: 0)
System memory in use before: 87.5 MB.
System memory in use after: 87.6 MB.

Unloading 19 unused Assets to reduce memory usage. Loaded Objects now: 2304.
Total: 2.676600 ms (FindLiveObjects: 0.249700 ms CreateObjectMapping: 0.054600 ms MarkObjects: 2.290300 ms  DeleteObjects: 0.080000 ms)

========================================================================
Received Import Request.
  path: Assets/Scripts/States/IState.cs
  artifactKey: Guid(aabfacaf627e2e54db21dd9e0b773627) Importer(815301076,1909f56bfc062723c751e8b465ee728b)
Start importing Assets/Scripts/States/IState.cs using Guid(aabfacaf627e2e54db21dd9e0b773627) Importer(815301076,1909f56bfc062723c751e8b465ee728b)  -> (artifact id: '2c0fb5494c079027950a94c8f3915fc0') in 0.038682 seconds
  Import took 0.041543 seconds .

========================================================================
Received Import Request.
  Time since last request: 11.741602 seconds.
  path: Assets/Scripts/States/StateMachine.cs
  artifactKey: Guid(d94ef350cea382342b3f6f3a90ee1f0e) Importer(815301076,1909f56bfc062723c751e8b465ee728b)
Start importing Assets/Scripts/States/StateMachine.cs using Guid(d94ef350cea382342b3f6f3a90ee1f0e) Importer(815301076,1909f56bfc062723c751e8b465ee728b)  -> (artifact id: 'de025a35b3223aaff30bf2876f94b682') in 0.003762 seconds
  Import took 0.006312 seconds .

========================================================================
Received Import Request.
  Time since last request: 0.000304 seconds.
  path: Assets/Scripts/States/StateMachine.cs
  artifactKey: Guid(d94ef350cea382342b3f6f3a90ee1f0e) Importer(815301076,1909f56bfc062723c751e8b465ee728b)
Start importing Assets/Scripts/States/StateMachine.cs using Guid(d94ef350cea382342b3f6f3a90ee1f0e) Importer(815301076,1909f56bfc062723c751e8b465ee728b)  -> (artifact id: 'de025a35b3223aaff30bf2876f94b682') in 0.003362 seconds
  Import took 0.005920 seconds .

AssetImportWorkerClient::OnTransportError - code=2 error=End of file
